<?xml version="1.0" encoding="utf-8" standalone="no"?>
<!--This file represents the results of running a test suite-->
<test-results name="tests/AppiumTest.dll" total="1" failures="1" not-run="0" date="2017-04-02" time="22:22:37">
  <environment nunit-version="2.4.8.0" clr-version="4.0.30319.42000" os-version="Unix 16.1.0.0" platform="Unix" cwd="/Users/michaelbryant/testing/testing" machine-name="Michaels-MBP" user="michaelbryant" user-domain="Michaels-MBP" />
  <culture-info current-culture="en-US" current-uiculture="en-US" />
  <test-suite name="tests/AppiumTest.dll" success="False" time="0.093" asserts="0">
    <results>
      <test-suite name="AppiumTest" success="False" time="0.091" asserts="0">
        <results>
          <test-suite name="Program+ProgramTest" success="False" time="0.031" asserts="0">
            <results>
              <test-case name="AppiumTest.Program+ProgramTest.AppiumDriverMethodsTestCase" executed="True" success="False" time="0.014" asserts="0">
                <failure>
                  <message><![CDATA[System.ArgumentNullException : input cannot be null
Parameter name: input]]></message>
                  <stack-trace><![CDATA[at OpenQA.Selenium.Support.UI.DefaultWait`1[T]..ctor (OpenQA.Selenium.IWebDriver input, OpenQA.Selenium.Support.UI.IClock clock) [0x0003a] in <c810ed8b6efb4932af16021b86883c63>:0
at OpenQA.Selenium.Support.UI.WebDriverWait..ctor (OpenQA.Selenium.Support.UI.IClock clock, OpenQA.Selenium.IWebDriver driver, System.TimeSpan timeout, System.TimeSpan sleepInterval) [0x00000] in <c810ed8b6efb4932af16021b86883c63>:0
at OpenQA.Selenium.Support.UI.WebDriverWait..ctor (OpenQA.Selenium.IWebDriver driver, System.TimeSpan timeout) [0x0000d] in <c810ed8b6efb4932af16021b86883c63>:0
at AppiumTest.Program+ProgramTest.AppiumDriverMethodsTestCase () [0x000aa] in /Users/michaelbryant/testing/testing/AppiumTest/AppiumTest/Program.cs:69
at (wrapper managed-to-native) System.Reflection.MonoMethod:InternalInvoke (System.Reflection.MonoMethod,object,object[],System.Exception&)
at System.Reflection.MonoMethod.Invoke (System.Object obj, System.Reflection.BindingFlags invokeAttr, System.Reflection.Binder binder, System.Object[] parameters, System.Globalization.CultureInfo culture) [0x00038] in /private/tmp/source-mono-4.8.0/bockbuild-mono-4.8.0-branch/profiles/mono-mac-xamarin/build-root/mono-x86/mcs/class/corlib/System.Reflection/MonoMethod.cs:305
]]></stack-trace>
                </failure>
              </test-case>
            </results>
          </test-suite>
        </results>
      </test-suite>
    </results>
  </test-suite>
</test-results>